<?xml version="1.0" encoding="UTF-8"?>
<!-- Generated by org.testng.reporters.JUnitReportReporter -->
<testsuite skipped="0" hostname="DESKTOP-BOCIBAU" name="qsp.DemoA" tests="1" failures="0" timestamp="08 Mar 2018 11:24:07 GMT" time="0.011" errors="0">
  <testcase name="testA" time="0.011" classname="qsp.DemoA"/>
</testsuite> <!-- qsp.DemoA -->
