<?xml version="1.0" encoding="UTF-8"?>
<!-- Generated by org.testng.reporters.JUnitReportReporter -->
<testsuite hostname="DESKTOP-BOCIBAU" name="qsp.DemoB" tests="2" failures="0" timestamp="13 Mar 2018 08:31:01 GMT" time="0.000" errors="0">
  <testcase name="testA" time="0.000" classname="qsp.DemoB"/>
  <testcase name="testB" time="0.000" classname="qsp.DemoB"/>
</testsuite> <!-- qsp.DemoB -->
