<?xml version="1.0" encoding="UTF-8"?>
<!-- Generated by org.testng.reporters.JUnitReportReporter -->
<testsuite hostname="DESKTOP-BOCIBAU" name="qsp.DemoA" tests="1" failures="0" timestamp="12 Mar 2018 08:55:04 GMT" time="0.008" errors="0">
  <testcase name="testA" time="0.008" classname="qsp.DemoA"/>
</testsuite> <!-- qsp.DemoA -->
