<?xml version="1.0" encoding="UTF-8"?>
<!-- Generated by org.testng.reporters.JUnitReportReporter -->
<testsuite hostname="DESKTOP-BOCIBAU" name="qsp.Democ" tests="1" failures="0" timestamp="13 Mar 2018 08:31:01 GMT" time="0.016" errors="0">
  <testcase name="TestC" time="0.016" classname="qsp.Democ"/>
</testsuite> <!-- qsp.Democ -->
